<?xml version="1.0" encoding="UTF-8"?>
<!-- Generated by org.testng.reporters.JUnitXMLReporter -->
<testsuite ignored="1" hostname="Testing-Sys337" failures="0" tests="1" name="Default test" time="31.07" errors="0" timestamp="2026-07-01T18:48:18 IST">
  <testcase classname="RunnerTest.PropertTest_Vacant" name="SpaciraLogin" time="18.717"/>
  <testcase classname="RunnerTest.PropertTest_Vacant" name="MP_VAC_TS001" time="0.0">
    <ignored/>
  </testcase> <!-- MP_VAC_TS001 -->
</testsuite> <!-- Default test -->
