<?xml version="1.0" encoding="UTF-8"?>
<testng-results ignored="0" total="1" passed="1" failed="0" skipped="0">
  <reporter-output>
  </reporter-output>
  <suite started-at="2026-07-01T19:49:56 IST" name="Suite" finished-at="2026-07-01T19:50:13 IST" duration-ms="17037">
    <groups>
    </groups>
    <test started-at="2026-07-01T19:49:56 IST" name="Test" finished-at="2026-07-01T19:50:13 IST" duration-ms="17037">
      <class name="RunnerTest.PropertTest_Vacant">
        <test-method is-config="true" signature="before()[pri:0, instance:RunnerTest.PropertTest_Vacant@61322f9d]" started-at="2026-07-01T19:49:56 IST" name="before" finished-at="2026-07-01T19:49:59 IST" duration-ms="2865" status="PASS">
          <reporter-output>
          </reporter-output>
        </test-method> <!-- before -->
        <test-method signature="SpaciraLogin()[pri:1, instance:RunnerTest.PropertTest_Vacant@61322f9d]" started-at="2026-07-01T19:49:59 IST" name="SpaciraLogin" finished-at="2026-07-01T19:50:12 IST" duration-ms="13379" status="PASS">
          <reporter-output>
          </reporter-output>
        </test-method> <!-- SpaciraLogin -->
        <test-method is-config="true" signature="after()[pri:0, instance:RunnerTest.PropertTest_Vacant@61322f9d]" started-at="2026-07-01T19:50:13 IST" name="after" finished-at="2026-07-01T19:50:13 IST" duration-ms="482" status="PASS">
          <reporter-output>
          </reporter-output>
        </test-method> <!-- after -->
      </class> <!-- RunnerTest.PropertTest_Vacant -->
    </test> <!-- Test -->
  </suite> <!-- Suite -->
</testng-results>
