<?xml version="1.0" encoding="UTF-8"?>
<!-- Generated by org.testng.reporters.JUnitReportReporter -->
<testsuite hostname="Testing-Sys337" failures="0" tests="4" name="RunnerTest.Edit_PropertTest" time="77.766" errors="0" timestamp="2026-01-09T15:50:57 IST" skipped="0">
  <testcase classname="RunnerTest.Edit_PropertTest" name="SpaciraLogin" time="18.452"/>
  <testcase classname="RunnerTest.Edit_PropertTest" name="MP_EDIT_TS001" time="20.463"/>
  <testcase classname="RunnerTest.Edit_PropertTest" name="MP_EDIT_TS002" time="6.185"/>
  <testcase classname="RunnerTest.Edit_PropertTest" name="MP_EDIT_TS003" time="32.666"/>
</testsuite> <!-- RunnerTest.Edit_PropertTest -->
