<?xml version="1.0" encoding="UTF-8"?>
<!-- Generated by org.testng.reporters.JUnitReportReporter -->
<testsuite hostname="Testing-Sys337" failures="0" tests="4" name="RunnerTest.PropertTest_Occupied" time="55.587" errors="0" timestamp="2026-01-14T15:16:56 IST" skipped="0">
  <testcase classname="RunnerTest.PropertTest_Occupied" name="SpaciraLogin" time="7.197"/>
  <testcase classname="RunnerTest.PropertTest_Occupied" name="MP_OCC_TS001" time="10.540"/>
  <testcase classname="RunnerTest.PropertTest_Occupied" name="MP_OCC_TS002" time="5.911"/>
  <testcase classname="RunnerTest.PropertTest_Occupied" name="MP_OCC_TS003" time="31.939"/>
</testsuite> <!-- RunnerTest.PropertTest_Occupied -->
